<?xml version="1.0" encoding="UTF-8"?>
<!-- Generated by org.testng.reporters.JUnitReportReporter -->
<testsuite hostname="BLT0007-PC" name="pra.Testing" tests="1" failures="0" timestamp="28 Apr 2016 19:13:41 GMT" time="29.046" errors="0">
  <testcase name="f" time="29.046" classname="pra.Testing"/>
</testsuite> <!-- pra.Testing -->
